{"level":"info","msg":"Database connected and migrated successfully!","time":"2025-01-08T22:49:18+06:00"}
{"level":"info","msg":"Server started on :8080","time":"2025-01-08T22:49:18+06:00"}
{"action":"logClientError","details":{"action":"clientError","details":{"column":0,"line":0,"message":"Please enter a User ID.","source":"getUserByID","stack":"Error: Please enter a User ID.\n    at getUserByID (http://localhost:8080/static/myscripts.js:163:24)\n    at HTMLButtonElement.onclick (http://localhost:8080/static/:19:41)"},"status":"error","time":"2025-01-08T16:53:58.838Z"},"fields.time":"2025-01-08T22:53:58.8434294+06:00","level":"error","msg":"Client-side error logged","status":"error","time":"2025-01-08T22:53:58+06:00"}
{"level":"info","msg":"Database connected and migrated successfully!","time":"2025-01-08T23:11:12+06:00"}
{"level":"info","msg":"Server started on :8080","time":"2025-01-08T23:11:12+06:00"}
{"action":"getUsers","details":{"count":10,"page":1},"fields.time":"2025-01-08T23:11:21.6240726+06:00","level":"info","msg":"User Action","status":"success","time":"2025-01-08T23:11:21+06:00"}
{"action":"getUsers","details":{"count":10,"page":2},"fields.time":"2025-01-08T23:11:26.3505024+06:00","level":"info","msg":"User Action","status":"success","time":"2025-01-08T23:11:26+06:00"}
{"action":"getUsers","details":{"count":10,"page":3},"fields.time":"2025-01-08T23:11:27.2379786+06:00","level":"info","msg":"User Action","status":"success","time":"2025-01-08T23:11:27+06:00"}
{"action":"getUsers","details":{"count":10,"page":4},"fields.time":"2025-01-08T23:11:29.7944818+06:00","level":"info","msg":"User Action","status":"success","time":"2025-01-08T23:11:29+06:00"}
{"action":"getUsers","details":{"count":10,"page":5},"fields.time":"2025-01-08T23:11:30.4063132+06:00","level":"info","msg":"User Action","status":"success","time":"2025-01-08T23:11:30+06:00"}
{"action":"getUsers","details":{"count":10,"page":6},"fields.time":"2025-01-08T23:11:30.7611414+06:00","level":"info","msg":"User Action","status":"success","time":"2025-01-08T23:11:30+06:00"}
{"action":"getUsers","details":{"count":10,"page":7},"fields.time":"2025-01-08T23:11:30.9952925+06:00","level":"info","msg":"User Action","status":"success","time":"2025-01-08T23:11:30+06:00"}
{"action":"getUsers","details":{"count":10,"page":6},"fields.time":"2025-01-08T23:11:31.7310908+06:00","level":"info","msg":"User Action","status":"success","time":"2025-01-08T23:11:31+06:00"}
{"action":"getUsers","details":{"count":10,"page":5},"fields.time":"2025-01-08T23:11:31.9216025+06:00","level":"info","msg":"User Action","status":"success","time":"2025-01-08T23:11:31+06:00"}
{"action":"getUsers","details":{"count":10,"page":4},"fields.time":"2025-01-08T23:11:32.1631179+06:00","level":"info","msg":"User Action","status":"success","time":"2025-01-08T23:11:32+06:00"}
{"action":"getUsers","details":{"count":10,"page":3},"fields.time":"2025-01-08T23:11:32.3350115+06:00","level":"info","msg":"User Action","status":"success","time":"2025-01-08T23:11:32+06:00"}
{"action":"getUsers","details":{"count":10,"page":2},"fields.time":"2025-01-08T23:11:32.6505193+06:00","level":"info","msg":"User Action","status":"success","time":"2025-01-08T23:11:32+06:00"}
{"action":"getUsers","details":{"count":10,"page":3},"fields.time":"2025-01-08T23:11:33.2350339+06:00","level":"info","msg":"User Action","status":"success","time":"2025-01-08T23:11:33+06:00"}
{"action":"getUsers","details":{"count":10,"page":4},"fields.time":"2025-01-08T23:11:33.3910732+06:00","level":"info","msg":"User Action","status":"success","time":"2025-01-08T23:11:33+06:00"}
{"action":"getUsers","details":{"count":10,"page":5},"fields.time":"2025-01-08T23:11:33.5537818+06:00","level":"info","msg":"User Action","status":"success","time":"2025-01-08T23:11:33+06:00"}
{"action":"getUsers","details":{"count":10,"page":6},"fields.time":"2025-01-08T23:11:33.7161985+06:00","level":"info","msg":"User Action","status":"success","time":"2025-01-08T23:11:33+06:00"}
{"action":"getUsers","details":{"count":10,"page":7},"fields.time":"2025-01-08T23:11:34.0525961+06:00","level":"info","msg":"User Action","status":"success","time":"2025-01-08T23:11:34+06:00"}
{"action":"getUsers","details":{"count":10,"page":8},"fields.time":"2025-01-08T23:11:34.2162588+06:00","level":"info","msg":"User Action","status":"success","time":"2025-01-08T23:11:34+06:00"}
{"action":"getUsers","details":{"count":10,"page":9},"fields.time":"2025-01-08T23:11:34.3937437+06:00","level":"info","msg":"User Action","status":"success","time":"2025-01-08T23:11:34+06:00"}
{"action":"getUsers","details":{"count":8,"page":10},"fields.time":"2025-01-08T23:11:34.5537221+06:00","level":"info","msg":"User Action","status":"success","time":"2025-01-08T23:11:34+06:00"}
{"action":"getUsers","details":{"count":10,"page":9},"fields.time":"2025-01-08T23:11:39.3155765+06:00","level":"info","msg":"User Action","status":"success","time":"2025-01-08T23:11:39+06:00"}
{"action":"getUsers","details":{"count":10,"page":8},"fields.time":"2025-01-08T23:11:40.4339201+06:00","level":"info","msg":"User Action","status":"success","time":"2025-01-08T23:11:40+06:00"}
{"action":"getUsers","details":{"count":10,"page":7},"fields.time":"2025-01-08T23:11:40.9365538+06:00","level":"info","msg":"User Action","status":"success","time":"2025-01-08T23:11:40+06:00"}
{"action":"getUsers","details":{"count":10,"page":6},"fields.time":"2025-01-08T23:11:41.2153157+06:00","level":"info","msg":"User Action","status":"success","time":"2025-01-08T23:11:41+06:00"}
{"action":"getUsers","details":{"count":10,"page":5},"fields.time":"2025-01-08T23:11:41.4442261+06:00","level":"info","msg":"User Action","status":"success","time":"2025-01-08T23:11:41+06:00"}
{"action":"getUsers","details":{"count":10,"page":4},"fields.time":"2025-01-08T23:11:41.6494084+06:00","level":"info","msg":"User Action","status":"success","time":"2025-01-08T23:11:41+06:00"}
{"action":"getUsers","details":{"count":10,"page":3},"fields.time":"2025-01-08T23:11:42.0914084+06:00","level":"info","msg":"User Action","status":"success","time":"2025-01-08T23:11:42+06:00"}
{"action":"getUsers","details":{"count":10,"page":2},"fields.time":"2025-01-08T23:11:42.302514+06:00","level":"info","msg":"User Action","status":"success","time":"2025-01-08T23:11:42+06:00"}
{"action":"getUsers","details":{"count":10,"page":1},"fields.time":"2025-01-08T23:11:42.5326999+06:00","level":"info","msg":"User Action","status":"success","time":"2025-01-08T23:11:42+06:00"}
{"level":"info","msg":"Database connected and migrated successfully!","time":"2025-01-09T00:38:19+06:00"}
{"level":"info","msg":"Server started on :8080","time":"2025-01-09T00:38:19+06:00"}
{"action":"getUsers","details":{"count":5,"page":1},"fields.time":"2025-01-09T00:39:05.3028799+06:00","level":"info","msg":"User Action","status":"success","time":"2025-01-09T00:39:05+06:00"}
{"email":"user1@example.com","level":"info","msg":"Received createUser request","name":"User1 Name","password":"password1","role":"user","time":"2025-01-09T00:39:10+06:00"}
{"action":"createUser","details":{"user_id":8},"fields.time":"2025-01-09T00:39:10.1567517+06:00","level":"info","msg":"User Action","status":"success","time":"2025-01-09T00:39:10+06:00"}
{"email":"user2@example.com","level":"info","msg":"Received createUser request","name":"User2 Name","password":"password2","role":"user","time":"2025-01-09T00:39:10+06:00"}
{"action":"createUser","details":{"user_id":9},"fields.time":"2025-01-09T00:39:10.1601207+06:00","level":"info","msg":"User Action","status":"success","time":"2025-01-09T00:39:10+06:00"}
{"email":"user3@example.com","level":"info","msg":"Received createUser request","name":"User3 Name","password":"password3","role":"user","time":"2025-01-09T00:39:10+06:00"}
{"action":"createUser","details":{"user_id":10},"fields.time":"2025-01-09T00:39:10.1636856+06:00","level":"info","msg":"User Action","status":"success","time":"2025-01-09T00:39:10+06:00"}
{"email":"user4@example.com","level":"info","msg":"Received createUser request","name":"User4 Name","password":"password4","role":"user","time":"2025-01-09T00:39:10+06:00"}
{"action":"createUser","details":{"user_id":11},"fields.time":"2025-01-09T00:39:10.1666965+06:00","level":"info","msg":"User Action","status":"success","time":"2025-01-09T00:39:10+06:00"}
{"email":"user5@example.com","level":"info","msg":"Received createUser request","name":"User5 Name","password":"password5","role":"user","time":"2025-01-09T00:39:10+06:00"}
{"action":"createUser","details":{"user_id":12},"fields.time":"2025-01-09T00:39:10.1705912+06:00","level":"info","msg":"User Action","status":"success","time":"2025-01-09T00:39:10+06:00"}
{"email":"user6@example.com","level":"info","msg":"Received createUser request","name":"User6 Name","password":"password6","role":"user","time":"2025-01-09T00:39:10+06:00"}
{"action":"createUser","details":{"user_id":13},"fields.time":"2025-01-09T00:39:10.1744829+06:00","level":"info","msg":"User Action","status":"success","time":"2025-01-09T00:39:10+06:00"}
{"email":"user7@example.com","level":"info","msg":"Received createUser request","name":"User7 Name","password":"password7","role":"user","time":"2025-01-09T00:39:10+06:00"}
{"action":"createUser","details":{"user_id":14},"fields.time":"2025-01-09T00:39:10.1775793+06:00","level":"info","msg":"User Action","status":"success","time":"2025-01-09T00:39:10+06:00"}
{"email":"user8@example.com","level":"info","msg":"Received createUser request","name":"User8 Name","password":"password8","role":"user","time":"2025-01-09T00:39:10+06:00"}
{"action":"createUser","details":{"user_id":15},"fields.time":"2025-01-09T00:39:10.1807412+06:00","level":"info","msg":"User Action","status":"success","time":"2025-01-09T00:39:10+06:00"}
{"email":"user9@example.com","level":"info","msg":"Received createUser request","name":"User9 Name","password":"password9","role":"user","time":"2025-01-09T00:39:10+06:00"}
{"action":"createUser","details":{"user_id":16},"fields.time":"2025-01-09T00:39:10.1844508+06:00","level":"info","msg":"User Action","status":"success","time":"2025-01-09T00:39:10+06:00"}
{"email":"user10@example.com","level":"info","msg":"Received createUser request","name":"User10 Name","password":"password10","role":"user","time":"2025-01-09T00:39:10+06:00"}
{"action":"createUser","details":{"user_id":17},"fields.time":"2025-01-09T00:39:10.1886041+06:00","level":"info","msg":"User Action","status":"success","time":"2025-01-09T00:39:10+06:00"}
{"email":"user11@example.com","level":"info","msg":"Received createUser request","name":"User11 Name","password":"password11","role":"user","time":"2025-01-09T00:39:10+06:00"}
{"action":"createUser","details":{"user_id":18},"fields.time":"2025-01-09T00:39:10.1917124+06:00","level":"info","msg":"User Action","status":"success","time":"2025-01-09T00:39:10+06:00"}
{"email":"user12@example.com","level":"info","msg":"Received createUser request","name":"User12 Name","password":"password12","role":"user","time":"2025-01-09T00:39:10+06:00"}
{"action":"createUser","details":{"user_id":19},"fields.time":"2025-01-09T00:39:10.1947377+06:00","level":"info","msg":"User Action","status":"success","time":"2025-01-09T00:39:10+06:00"}
{"email":"user13@example.com","level":"info","msg":"Received createUser request","name":"User13 Name","password":"password13","role":"user","time":"2025-01-09T00:39:10+06:00"}
{"action":"createUser","details":{"user_id":20},"fields.time":"2025-01-09T00:39:10.1983481+06:00","level":"info","msg":"User Action","status":"success","time":"2025-01-09T00:39:10+06:00"}
{"email":"user14@example.com","level":"info","msg":"Received createUser request","name":"User14 Name","password":"password14","role":"user","time":"2025-01-09T00:39:10+06:00"}
{"action":"createUser","details":{"user_id":21},"fields.time":"2025-01-09T00:39:10.2015227+06:00","level":"info","msg":"User Action","status":"success","time":"2025-01-09T00:39:10+06:00"}
{"email":"user15@example.com","level":"info","msg":"Received createUser request","name":"User15 Name","password":"password15","role":"user","time":"2025-01-09T00:39:10+06:00"}
{"action":"createUser","details":{"user_id":22},"fields.time":"2025-01-09T00:39:10.2051733+06:00","level":"info","msg":"User Action","status":"success","time":"2025-01-09T00:39:10+06:00"}
{"email":"user16@example.com","level":"info","msg":"Received createUser request","name":"User16 Name","password":"password16","role":"user","time":"2025-01-09T00:39:10+06:00"}
{"action":"createUser","details":{"user_id":23},"fields.time":"2025-01-09T00:39:10.2086925+06:00","level":"info","msg":"User Action","status":"success","time":"2025-01-09T00:39:10+06:00"}
{"email":"user17@example.com","level":"info","msg":"Received createUser request","name":"User17 Name","password":"password17","role":"user","time":"2025-01-09T00:39:10+06:00"}
{"action":"createUser","details":{"user_id":24},"fields.time":"2025-01-09T00:39:10.2119212+06:00","level":"info","msg":"User Action","status":"success","time":"2025-01-09T00:39:10+06:00"}
{"email":"user18@example.com","level":"info","msg":"Received createUser request","name":"User18 Name","password":"password18","role":"user","time":"2025-01-09T00:39:10+06:00"}
{"action":"createUser","details":{"user_id":25},"fields.time":"2025-01-09T00:39:10.2154362+06:00","level":"info","msg":"User Action","status":"success","time":"2025-01-09T00:39:10+06:00"}
{"email":"user19@example.com","level":"info","msg":"Received createUser request","name":"User19 Name","password":"password19","role":"user","time":"2025-01-09T00:39:10+06:00"}
{"action":"createUser","details":{"user_id":26},"fields.time":"2025-01-09T00:39:10.2186342+06:00","level":"info","msg":"User Action","status":"success","time":"2025-01-09T00:39:10+06:00"}
{"email":"user20@example.com","level":"info","msg":"Received createUser request","name":"User20 Name","password":"password20","role":"user","time":"2025-01-09T00:39:10+06:00"}
{"action":"createUser","details":{"user_id":27},"fields.time":"2025-01-09T00:39:10.2221302+06:00","level":"info","msg":"User Action","status":"success","time":"2025-01-09T00:39:10+06:00"}
{"email":"user21@example.com","level":"info","msg":"Received createUser request","name":"User21 Name","password":"password21","role":"user","time":"2025-01-09T00:39:10+06:00"}
{"action":"createUser","details":{"user_id":28},"fields.time":"2025-01-09T00:39:10.2246719+06:00","level":"info","msg":"User Action","status":"success","time":"2025-01-09T00:39:10+06:00"}
{"email":"user22@example.com","level":"info","msg":"Received createUser request","name":"User22 Name","password":"password22","role":"user","time":"2025-01-09T00:39:10+06:00"}
{"action":"createUser","details":{"user_id":29},"fields.time":"2025-01-09T00:39:10.2286906+06:00","level":"info","msg":"User Action","status":"success","time":"2025-01-09T00:39:10+06:00"}
{"email":"user23@example.com","level":"info","msg":"Received createUser request","name":"User23 Name","password":"password23","role":"user","time":"2025-01-09T00:39:10+06:00"}
{"action":"createUser","details":{"user_id":30},"fields.time":"2025-01-09T00:39:10.2313509+06:00","level":"info","msg":"User Action","status":"success","time":"2025-01-09T00:39:10+06:00"}
{"email":"user24@example.com","level":"info","msg":"Received createUser request","name":"User24 Name","password":"password24","role":"user","time":"2025-01-09T00:39:10+06:00"}
{"action":"createUser","details":{"user_id":31},"fields.time":"2025-01-09T00:39:10.2353465+06:00","level":"info","msg":"User Action","status":"success","time":"2025-01-09T00:39:10+06:00"}
{"email":"user25@example.com","level":"info","msg":"Received createUser request","name":"User25 Name","password":"password25","role":"user","time":"2025-01-09T00:39:10+06:00"}
{"action":"createUser","details":{"user_id":32},"fields.time":"2025-01-09T00:39:10.2384491+06:00","level":"info","msg":"User Action","status":"success","time":"2025-01-09T00:39:10+06:00"}
{"email":"user26@example.com","level":"info","msg":"Received createUser request","name":"User26 Name","password":"password26","role":"user","time":"2025-01-09T00:39:10+06:00"}
{"action":"createUser","details":{"user_id":33},"fields.time":"2025-01-09T00:39:10.2420771+06:00","level":"info","msg":"User Action","status":"success","time":"2025-01-09T00:39:10+06:00"}
{"email":"user27@example.com","level":"info","msg":"Received createUser request","name":"User27 Name","password":"password27","role":"user","time":"2025-01-09T00:39:10+06:00"}
{"action":"createUser","details":{"user_id":34},"fields.time":"2025-01-09T00:39:10.2453147+06:00","level":"info","msg":"User Action","status":"success","time":"2025-01-09T00:39:10+06:00"}
{"email":"user28@example.com","level":"info","msg":"Received createUser request","name":"User28 Name","password":"password28","role":"user","time":"2025-01-09T00:39:10+06:00"}
{"action":"createUser","details":{"user_id":35},"fields.time":"2025-01-09T00:39:10.2491129+06:00","level":"info","msg":"User Action","status":"success","time":"2025-01-09T00:39:10+06:00"}
{"email":"user29@example.com","level":"info","msg":"Received createUser request","name":"User29 Name","password":"password29","role":"user","time":"2025-01-09T00:39:10+06:00"}
{"action":"createUser","details":{"user_id":36},"fields.time":"2025-01-09T00:39:10.2523901+06:00","level":"info","msg":"User Action","status":"success","time":"2025-01-09T00:39:10+06:00"}
{"email":"user30@example.com","level":"info","msg":"Received createUser request","name":"User30 Name","password":"password30","role":"user","time":"2025-01-09T00:39:10+06:00"}
{"action":"createUser","details":{"user_id":37},"fields.time":"2025-01-09T00:39:10.2566161+06:00","level":"info","msg":"User Action","status":"success","time":"2025-01-09T00:39:10+06:00"}
{"action":"getUsers","details":{"count":10,"page":1},"fields.time":"2025-01-09T00:39:12.8135586+06:00","level":"info","msg":"User Action","status":"success","time":"2025-01-09T00:39:12+06:00"}
{"action":"getUsers","details":{"count":10,"page":2},"fields.time":"2025-01-09T00:39:14.690293+06:00","level":"info","msg":"User Action","status":"success","time":"2025-01-09T00:39:14+06:00"}
{"action":"getUsers","details":{"count":10,"page":3},"fields.time":"2025-01-09T00:39:15.3834813+06:00","level":"info","msg":"User Action","status":"success","time":"2025-01-09T00:39:15+06:00"}
{"action":"getUsers","details":{"count":5,"page":4},"fields.time":"2025-01-09T00:39:15.8750963+06:00","level":"info","msg":"User Action","status":"success","time":"2025-01-09T00:39:15+06:00"}
{"level":"info","msg":"Database connected and migrated successfully!","time":"2025-01-09T01:12:01+06:00"}
{"level":"info","msg":"Server started on :8080","time":"2025-01-09T01:12:01+06:00"}
{"action":"getUsers","details":{"count":10,"page":1},"fields.time":"2025-01-09T01:12:16.8874007+06:00","level":"info","msg":"User Action","status":"success","time":"2025-01-09T01:12:16+06:00"}
{"action":"filterUsers","details":{"count":34,"filters":{"email":"","name":"A"}},"fields.time":"2025-01-09T01:12:27.8245849+06:00","level":"info","msg":"User Action","status":"success","time":"2025-01-09T01:12:27+06:00"}
{"action":"filterUsers","details":{"count":1,"filters":{"email":"","name":"Alan"}},"fields.time":"2025-01-09T01:12:38.966231+06:00","level":"info","msg":"User Action","status":"success","time":"2025-01-09T01:12:38+06:00"}
{"action":"filterUsers","details":{"count":34,"filters":{"email":"","name":"A"}},"fields.time":"2025-01-09T01:12:44.932798+06:00","level":"info","msg":"User Action","status":"success","time":"2025-01-09T01:12:44+06:00"}
{"action":"filterUsers","details":{"count":31,"filters":{"email":"","name":"s"}},"fields.time":"2025-01-09T01:12:52.716347+06:00","level":"info","msg":"User Action","status":"success","time":"2025-01-09T01:12:52+06:00"}
{"action":"filterUsers","details":{"count":2,"filters":{"email":"","name":"Al"}},"fields.time":"2025-01-09T01:13:09.7006638+06:00","level":"info","msg":"User Action","status":"success","time":"2025-01-09T01:13:09+06:00"}
{"action":"filterUsers","details":{"count":2,"filters":{"email":"al","name":""}},"fields.time":"2025-01-09T01:13:19.4458993+06:00","level":"info","msg":"User Action","status":"success","time":"2025-01-09T01:13:19+06:00"}
{"action":"filterUsers","details":{"count":2,"filters":{"email":"al","name":""}},"fields.time":"2025-01-09T01:13:20.3605029+06:00","level":"info","msg":"User Action","status":"success","time":"2025-01-09T01:13:20+06:00"}
{"action":"filterUsers","details":{"count":34,"filters":{"email":"","name":"a"}},"fields.time":"2025-01-09T01:25:44.6153732+06:00","level":"info","msg":"User Action","status":"success","time":"2025-01-09T01:25:44+06:00"}
{"action":"filterUsers","details":{"count":30,"filters":{"email":"user","name":""}},"fields.time":"2025-01-09T01:26:01.3004159+06:00","level":"info","msg":"User Action","status":"success","time":"2025-01-09T01:26:01+06:00"}
{"action":"filterUsers","details":{"count":11,"filters":{"email":"user1","name":""}},"fields.time":"2025-01-09T01:26:07.151575+06:00","level":"info","msg":"User Action","status":"success","time":"2025-01-09T01:26:07+06:00"}
{"action":"filterUsers","details":{"count":12,"filters":{"email":"user","name":"1"}},"fields.time":"2025-01-09T01:26:30.5816511+06:00","level":"info","msg":"User Action","status":"success","time":"2025-01-09T01:26:30+06:00"}
{"action":"filterUsers","details":{"count":11,"filters":{"email":"user1","name":""}},"fields.time":"2025-01-09T01:28:27.3006366+06:00","level":"info","msg":"User Action","status":"success","time":"2025-01-09T01:28:27+06:00"}
